C51 COMPILER V9.01   IRED                                                                  10/01/2022 00:11:21 PAGE 1   


C51 COMPILER V9.01, COMPILATION OF MODULE IRED
OBJECT MODULE PLACED IN ..\Obj\ired.obj
COMPILER INVOKED BY: D:\programming learning software\MCU\keilC51\C51\BIN\C51.EXE ..\App\bsp_ired\ired.c BROWSE INCDIR(.
                    -.\App\bsp_ired;..\Public;..\App\bsp_smg) DEBUG OBJECTEXTEND PRINT(..\Listing\ired.lst) OBJECT(..\Obj\ired.obj)

line level    source

   1          #include  "ired.h"
   2          
   3          
   4          
   5          //存储4个字节接收码（地址码+地址反码+控制码+控制反码）
   6          uint_8 gired_data[4] = 0;
   7          
   8          /*
   9                  函数名：Ired_Init
  10                  功能：  红外端口初始化函数，配置外部中断0
  11          */
  12          void Ired_Init(void)
  13          {
  14   1              IT0 = 1;        //下降沿触发
  15   1              EX0 = 1;        //打开中断0允许
  16   1              EA = 1;         //打开总中断
  17   1      
  18   1              IRED = 1;       //初始化端口
  19   1      }
  20          
  21          
  22          /*
  23                  外部中断0服务函数
  24          */
  25          void ired() interrupt 0 
  26          {
  27   1              uint_8 ired_high_time = 0;
  28   1              uint_16 time_cnt = 0;
  29   1              uint_8 i = 0,j = 0;
  30   1      
  31   1              if(IRED == 0)
  32   1              {
  33   2                      time_cnt = 1000;
  34   2                      while((!IRED)&&(time_cnt))              //等待引导信号9ms低电平结束，若超过10ms强制退出
  35   2                      {
  36   3                              Delay_10us(1);  //延时约10us
  37   3                              time_cnt--;
  38   3                              if(time_cnt == 0)
  39   3                                      return;         
  40   3                      }
  41   2                      if(IRED)                                                //引导信号9ms低电平已过，进入4.5ms高电平
  42   2                      {
  43   3                              time_cnt = 500;
  44   3                              while(IRED && time_cnt)         //等待引导信号4.5ms高电平结束，若超过5ms强制退出
  45   3                              {
  46   4                                      Delay_10us(1);
  47   4                                      time_cnt--;
  48   4                                      if(time_cnt == 0)
  49   4                                              return; 
  50   4                              }
  51   3                              for(i=0;i<4;i++)                //读取4个字节数据
  52   3                              {
  53   4                                      for(j=0;j<8;j++)        //读取一个字节
  54   4                                      {
C51 COMPILER V9.01   IRED                                                                  10/01/2022 00:11:21 PAGE 2   

  55   5                                              time_cnt = 600;
  56   5                                              while((IRED==0) && time_cnt)    //等待数据1或0前面的0.56ms结束，若超过6ms强制退出
  57   5                                              {
  58   6                                                      Delay_10us(1);
  59   6                                                      time_cnt--;
  60   6                                                      if(time_cnt == 0)
  61   6                                                              return; 
  62   6                                              }
  63   5                                              time_cnt = 20;
  64   5                                              while(IRED)                             //等待数据1或0后面的高电平结束，若超过2ms强制退出
  65   5                                              {
  66   6                                                      Delay_10us(10);         //约0.1ms
  67   6                                                      ired_high_time++;
  68   6                                                      if(ired_high_time > 20)
  69   6                                                              return; 
  70   6                                              }
  71   5                                              gired_data[i] >>= 1;            //先读取的为低位，然后是高位
  72   5                                              if(ired_high_time >= 8)         //如果高电平时间大于0.8ms，数据则为1，否则为0
  73   5                                                      gired_data[i]|=0x80;
  74   5                                              ired_high_time = 0;                     //重新清零，等待下一次计算时间
  75   5                                      }
  76   4                              }
  77   3                      }
  78   2                      if(gired_data[2] != ~gired_data[3])             //校验控制码与控制反码，错误则返回
  79   2                      {
  80   3                              for(i=0;i<4;i++)
  81   3                                      gired_data[i] = 0;
  82   3                              return; 
  83   3                      }
  84   2              }               
  85   1      }
  86          
  87          


MODULE INFORMATION:   STATIC OVERLAYABLE
   CODE SIZE        =    315    ----
   CONSTANT SIZE    =   ----    ----
   XDATA SIZE       =   ----    ----
   PDATA SIZE       =   ----    ----
   DATA SIZE        =      4       5
   IDATA SIZE       =   ----    ----
   BIT SIZE         =   ----    ----
END OF MODULE INFORMATION.


C51 COMPILATION COMPLETE.  0 WARNING(S),  0 ERROR(S)
