C51 COMPILER V9.01   SMG                                                                   09/29/2022 19:31:42 PAGE 1   


C51 COMPILER V9.01, COMPILATION OF MODULE SMG
OBJECT MODULE PLACED IN ..\Obj\smg.obj
COMPILER INVOKED BY: D:\programming learning software\MCU\keilC51\C51\BIN\C51.EXE ..\App\bsp_smg\smg.c BROWSE INCDIR(..\
                    -App\bsp_smg;..\Public) DEBUG OBJECTEXTEND PRINT(..\Listing\smg.lst) OBJECT(..\Obj\smg.obj)

line level    source

   1          #include  "smg.h"
   2          
   3          
   4          //共阴极数码管显示0~F的段码数据
   5          uint_8 gSmg_init_code[17]={0x3f,0x06,0x5b,0x4f,0x66,0x6d,0x7d,0x07,
   6                                          0x7f,0x6f,0x77,0x7c,0x39,0x5e,0x79,0x71};
   7          
   8          //共阴极数码管显示520-1314的段码数据
   9          uint_8 gSmg_own_code[8]={0x6d,0x5b,0x3f,0x40,0x06,0x4f,0x06,0x66};
  10          
  11          
  12          /*
  13                  函数名：Smg_Display
  14                  功能：  实现动态数码管显示
  15          */
  16          void Smg_Display(void)
  17          {
  18   1              uint_8 i =0;
  19   1              
  20   1              for(i=0;i<8;i++)
  21   1              {
  22   2                      switch(i)  //位选
  23   2                      {
  24   3                              case 0: LSC=1;LSB=1;LSA=1; break;
  25   3                              case 1: LSC=1;LSB=1;LSA=0; break;
  26   3                              case 2: LSC=1;LSB=0;LSA=1; break;
  27   3                              case 3: LSC=1;LSB=0;LSA=0; break;
  28   3                              case 4: LSC=0;LSB=1;LSA=1; break;
  29   3                              case 5: LSC=0;LSB=1;LSA=0; break;
  30   3                              case 6: LSC=0;LSB=0;LSA=1; break;
  31   3                              case 7: LSC=0;LSB=0;LSA=0; break; 
  32   3                      }
  33   2                      SMG_PORT = gSmg_own_code[i];  //传送段选数据
  34   2                      Delay_10us(100);            //延时一段时间，等待显示稳定
  35   2                      SMG_PORT = 0x00;                        //消影
  36   2              }       
  37   1      }


MODULE INFORMATION:   STATIC OVERLAYABLE
   CODE SIZE        =    117    ----
   CONSTANT SIZE    =   ----    ----
   XDATA SIZE       =   ----    ----
   PDATA SIZE       =   ----    ----
   DATA SIZE        =     25       1
   IDATA SIZE       =   ----    ----
   BIT SIZE         =   ----    ----
END OF MODULE INFORMATION.


C51 COMPILATION COMPLETE.  0 WARNING(S),  0 ERROR(S)
