C51 COMPILER V9.01   MAIN                                                                  09/29/2022 23:09:06 PAGE 1   


C51 COMPILER V9.01, COMPILATION OF MODULE MAIN
OBJECT MODULE PLACED IN ..\Obj\main.obj
COMPILER INVOKED BY: D:\programming learning software\MCU\keilC51\C51\BIN\C51.EXE main.c BROWSE INCDIR(..\App\bsp_key_ma
                    -trix;..\Public;..\App\bsp_smg) DEBUG OBJECTEXTEND PRINT(..\Listing\main.lst) OBJECT(..\Obj\main.obj)

line level    source

   1          /**************************************************************************************
   2          实验名称：      矩阵按键实验
   3          实验现象：      按下矩阵按键S1-S16键，对应数码管最左边显示0-F
   4          实验单片机：普中A2                                                                                                                                                                
   5          ***************************************************************************************/
   6          
   7          #include "public.h"
   8          #include  "key_matrix.h"
   9          #include  "smg.h"
  10          
  11          int main(void)
  12          {
  13   1              uint_8 key_value = 0;
  14   1                              
  15   1              while(1)
  16   1              {
  17   2                      key_value = Key_Matrix_Flip_Scan();
  18   2                      if(key_value != 0)
  19   2                              SMG_PORT = gSmg_init_code[key_value - 1];
  20   2              }
  21   1      }


MODULE INFORMATION:   STATIC OVERLAYABLE
   CODE SIZE        =     16    ----
   CONSTANT SIZE    =   ----    ----
   XDATA SIZE       =   ----    ----
   PDATA SIZE       =   ----    ----
   DATA SIZE        =   ----    ----
   IDATA SIZE       =   ----    ----
   BIT SIZE         =   ----    ----
END OF MODULE INFORMATION.


C51 COMPILATION COMPLETE.  0 WARNING(S),  0 ERROR(S)
