C51 COMPILER V9.01   SMG                                                                   09/30/2022 15:47:05 PAGE 1   


C51 COMPILER V9.01, COMPILATION OF MODULE SMG
OBJECT MODULE PLACED IN ..\Obj\smg.obj
COMPILER INVOKED BY: D:\programming learning software\MCU\keilC51\C51\BIN\C51.EXE ..\App\bsp_smg\smg.c BROWSE INCDIR(..\
                    -App\bsp_24c02;..\Public;..\App\bsp_iic;..\App\bsp_key;..\App\bsp_smg) DEBUG OBJECTEXTEND PRINT(..\Listing\smg.lst) OBJEC
                    -T(..\Obj\smg.obj)

line level    source

   1          #include  "smg.h"
   2          
   3          
   4          //共阴极数码管显示0~F的段码数据
   5          uint_8 gSmg_init_code[17]={0x3f,0x06,0x5b,0x4f,0x66,0x6d,0x7d,0x07,
   6                                          0x7f,0x6f,0x77,0x7c,0x39,0x5e,0x79,0x71};
   7          
   8          //共阴极数码管显示520-1314的段码数据
   9          uint_8 gSmg_own_code[8]={0x6d,0x5b,0x3f,0x40,0x06,0x4f,0x06,0x66};
  10          
  11          
  12          /*
  13                  函数名：Smg_Display
  14                  功能：  实现动态数码管显示
  15                  注意：  pos:开始显示的位置，范围1~8
  16          */
  17          void Smg_Display(uint_8 dat[],uint_8 pos)
  18          {
  19   1              uint_8 i = 0;
  20   1              uint_8 pos_temp = pos-1;
  21   1      
  22   1              for(i=pos_temp;i<8;i++)
  23   1              {
  24   2                      switch(i)//位选
  25   2                      {
  26   3                              case 0: LSC=1;LSB=1;LSA=1; break;
  27   3                              case 1: LSC=1;LSB=1;LSA=0; break;
  28   3                              case 2: LSC=1;LSB=0;LSA=1; break;
  29   3                              case 3: LSC=1;LSB=0;LSA=0; break;
  30   3                              case 4: LSC=0;LSB=1;LSA=1; break;
  31   3                              case 5: LSC=0;LSB=1;LSA=0; break;
  32   3                              case 6: LSC=0;LSB=0;LSA=1; break;
  33   3                              case 7: LSC=0;LSB=0;LSA=0; break;
  34   3                      }
  35   2                      SMG_PORT = gSmg_init_code[ dat[i-pos_temp] ];   //传送段选数据
  36   2                      Delay_10us(100);                                //延时一段时间，等待显示稳定
  37   2                      SMG_PORT = 0x00;                                //消影
  38   2              }       
  39   1      }


MODULE INFORMATION:   STATIC OVERLAYABLE
   CODE SIZE        =    153    ----
   CONSTANT SIZE    =   ----    ----
   XDATA SIZE       =   ----    ----
   PDATA SIZE       =   ----    ----
   DATA SIZE        =     25       5
   IDATA SIZE       =   ----    ----
   BIT SIZE         =   ----    ----
END OF MODULE INFORMATION.


C51 COMPILATION COMPLETE.  0 WARNING(S),  0 ERROR(S)
