C51 COMPILER V9.01   MAIN                                                                  09/30/2022 00:40:14 PAGE 1   


C51 COMPILER V9.01, COMPILATION OF MODULE MAIN
OBJECT MODULE PLACED IN ..\Obj\main.obj
COMPILER INVOKED BY: D:\programming learning software\MCU\keilC51\C51\BIN\C51.EXE main.c BROWSE INCDIR(..\App\bsp_led;..
                    -\Public;..\App\bsp_key) DEBUG OBJECTEXTEND PRINT(..\Listing\main.lst) OBJECT(..\Obj\main.obj)

line level    source

   1          /**************************************************************************************
   2          实验名称：      外部中断0实验
   3          实验现象：      按下K3键时，可通过外部中断来控制D1指示灯亮灭
   4          实验单片机：普中A2                      
   5          注意事项：      将红外接收传感器取下，防止对P3.2口干扰                                                                                                                                    
   6          ***************************************************************************************/
   7          
   8          #include "public.h"
   9          #include  "led.h"
  10          #include  "key.h"
  11          
  12          /*
  13                  函数名：exti0_Init
  14                  功能：  外部中断0配置函数
  15          */
  16          void exti0_Init(void)
  17          {
  18   1              IT0 = 1;        //跳变沿触发方式（下降沿）
  19   1              EX0 = 1;        //打开INT0的中断允许
  20   1              EA  = 1;        //打开总中断
  21   1      }
  22          
  23          int main(void)
  24          {
  25   1              exti0_Init();   //配置外部中断0
  26   1                                              
  27   1              while(1)
  28   1              {
  29   2                      
  30   2              }
  31   1      }
  32          
  33          
  34          /*
  35                  外部中断0中断函数
  36          */
  37          void exti0() interrupt 0
  38          {
  39   1              Delay_10us(1000);               //消抖
  40   1              if(KEY3 == 0)                   //再次判断K3键是否按下
  41   1                      LED1 = !LED1;           //LED1状态翻转
  42   1      }
  43          
  44          
  45          
  46          
  47          
  48          


MODULE INFORMATION:   STATIC OVERLAYABLE
   CODE SIZE        =     80    ----
   CONSTANT SIZE    =   ----    ----
   XDATA SIZE       =   ----    ----
C51 COMPILER V9.01   MAIN                                                                  09/30/2022 00:40:14 PAGE 2   

   PDATA SIZE       =   ----    ----
   DATA SIZE        =   ----    ----
   IDATA SIZE       =   ----    ----
   BIT SIZE         =   ----    ----
END OF MODULE INFORMATION.


C51 COMPILATION COMPLETE.  0 WARNING(S),  0 ERROR(S)
