C51 COMPILER V9.01   KEY                                                                   09/30/2022 00:15:26 PAGE 1   


C51 COMPILER V9.01, COMPILATION OF MODULE KEY
OBJECT MODULE PLACED IN ..\Obj\key.obj
COMPILER INVOKED BY: D:\programming learning software\MCU\keilC51\C51\BIN\C51.EXE ..\App\bsp_key\key.c BROWSE INCDIR(..\
                    -App\bsp_step_motor;..\Public;..\App\bsp_key) DEBUG OBJECTEXTEND PRINT(..\Listing\key.lst) OBJECT(..\Obj\key.obj)

line level    source

   1          #include  "key.h"
   2          
   3          
   4          
   5          /*
   6                  函数名：Key_Scan
   7                  功能：  检测独立按键是否按下，并返回对应键值
   8                  说明：  mode=0,单次扫描；mode=1，连续扫描
   9          */
  10          uint_8 Key_Scan(uint_8 mode)
  11          {
  12   1              static uint_8 key=1;
  13   1              
  14   1              if(mode)        //mode=1,连续扫描
  15   1              {
  16   2                      key = 1;
  17   2              }       
  18   1                      
  19   1              if(key=1 && (KEY1==0||KEY2==0||KEY3==0||KEY4==0))       //任意按键按下
  20   1              {
  21   2                      Delay_ms(10);   //消抖
  22   2                      key = 0;                //清零key值
  23   2                      if(KEY1==0)
  24   2                              return  KEY1_PRESS;
  25   2                      else if(KEY2==0)
  26   2                              return  KEY2_PRESS;
  27   2                      else if(KEY3==0)
  28   2                              return  KEY3_PRESS;
  29   2                      else if(KEY4==0)
  30   2                              return  KEY4_PRESS;
  31   2              }
  32   1              else if(KEY1==1 && KEY2==1 && KEY3==1 && KEY4==1)       //无按键按下
  33   1              {
  34   2                      key = 1;
  35   2              }
  36   1              return KEY_UNPRESS;
  37   1      }


MODULE INFORMATION:   STATIC OVERLAYABLE
   CODE SIZE        =     81    ----
   CONSTANT SIZE    =   ----    ----
   XDATA SIZE       =   ----    ----
   PDATA SIZE       =   ----    ----
   DATA SIZE        =      1    ----
   IDATA SIZE       =   ----    ----
   BIT SIZE         =   ----    ----
END OF MODULE INFORMATION.


C51 COMPILATION COMPLETE.  0 WARNING(S),  0 ERROR(S)
