C51 COMPILER V9.01   MAIN                                                                  09/29/2022 18:57:34 PAGE 1   


C51 COMPILER V9.01, COMPILATION OF MODULE MAIN
OBJECT MODULE PLACED IN ..\Obj\main.obj
COMPILER INVOKED BY: D:\programming learning software\MCU\keilC51\C51\BIN\C51.EXE main.c BROWSE INCDIR(..\App\bsp_beep;.
                    -.\Public) DEBUG OBJECTEXTEND PRINT(..\Listing\main.lst) OBJECT(..\Obj\main.obj)

line level    source

   1          /**************************************************************************************
   2          实验名称：      蜂鸣器实验
   3          实验现象：      无源蜂鸣器发出声音，一段时间后关闭
   4          实验单片机：普中A2                                                                                                                                                                
   5          ***************************************************************************************/
   6          
   7          #include "public.h"
   8          #include  "beep.h"
   9          
  10          int main(void)
  11          {               
  12   1              while(1)
  13   1              {
  14   2                 Beep_Show(CYCLE_NUM);
  15   2              }
  16   1      }


MODULE INFORMATION:   STATIC OVERLAYABLE
   CODE SIZE        =      9    ----
   CONSTANT SIZE    =   ----    ----
   XDATA SIZE       =   ----    ----
   PDATA SIZE       =   ----    ----
   DATA SIZE        =   ----    ----
   IDATA SIZE       =   ----    ----
   BIT SIZE         =   ----    ----
END OF MODULE INFORMATION.


C51 COMPILATION COMPLETE.  0 WARNING(S),  0 ERROR(S)
