C51 COMPILER V9.01   MAIN                                                                  10/01/2022 02:13:23 PAGE 1   


C51 COMPILER V9.01, COMPILATION OF MODULE MAIN
OBJECT MODULE PLACED IN ..\Obj\main.obj
COMPILER INVOKED BY: D:\programming learning software\MCU\keilC51\C51\BIN\C51.EXE main.c BROWSE INCDIR(..\App\bsp_xpt204
                    -6;..\Public;..\App\bsp_smg) DEBUG OBJECTEXTEND PRINT(..\Listing\main.lst) OBJECT(..\Obj\main.obj)

line level    source

   1          /**************************************************************************************
   2          实验名称：      ADC模数转换实验
   3          实验现象：      数码管上显示AD模块采集的值
   4          实验单片机：普中A2                      
   5          注意事项：                                                                                                                                                
   6          ***************************************************************************************/
   7          
   8          #include "public.h"
   9          #include  "xpt2046.h"
  10          #include  "smg.h"
  11          
  12          
  13          int main(void)
  14          {
  15   1              while(1)
  16   1              {
  17   2                      //Electricity_Measure();                //测量电位器电压
  18   2                      //Light_Measure();                              //测量光敏电阻
  19   2                      //Heat_Measure();                               //测量热敏电阻
  20   2                      Voltage_Collect();                              //外部通道电压采集
  21   2              }
  22   1      }
  23          
  24          
  25          


MODULE INFORMATION:   STATIC OVERLAYABLE
   CODE SIZE        =      5    ----
   CONSTANT SIZE    =   ----    ----
   XDATA SIZE       =   ----    ----
   PDATA SIZE       =   ----    ----
   DATA SIZE        =   ----    ----
   IDATA SIZE       =   ----    ----
   BIT SIZE         =   ----    ----
END OF MODULE INFORMATION.


C51 COMPILATION COMPLETE.  0 WARNING(S),  0 ERROR(S)
