C51 COMPILER V9.01   MAIN                                                                  09/29/2022 13:27:22 PAGE 1   


C51 COMPILER V9.01, COMPILATION OF MODULE MAIN
OBJECT MODULE PLACED IN .\Obj\main.obj
COMPILER INVOKED BY: D:\programming learning software\MCU\keilC51\C51\BIN\C51.EXE main.c BROWSE DEBUG OBJECTEXTEND PRINT
                    -(.\Listing\main.lst) OBJECT(.\Obj\main.obj)

line level    source

   1          #include "reg52.h"
   2          
   3          int main(void)
   4          {
   5   1              while(1)
   6   1              {
   7   2      
   8   2              }
   9   1      }


MODULE INFORMATION:   STATIC OVERLAYABLE
   CODE SIZE        =      2    ----
   CONSTANT SIZE    =   ----    ----
   XDATA SIZE       =   ----    ----
   PDATA SIZE       =   ----    ----
   DATA SIZE        =   ----    ----
   IDATA SIZE       =   ----    ----
   BIT SIZE         =   ----    ----
END OF MODULE INFORMATION.


C51 COMPILATION COMPLETE.  0 WARNING(S),  0 ERROR(S)
