C51 COMPILER V9.01   DC_MOTOR                                                              09/30/2022 00:09:46 PAGE 1   


C51 COMPILER V9.01, COMPILATION OF MODULE DC_MOTOR
OBJECT MODULE PLACED IN ..\Obj\dc_motor.obj
COMPILER INVOKED BY: D:\programming learning software\MCU\keilC51\C51\BIN\C51.EXE ..\App\bsp_dc_motor\dc_motor.c BROWSE 
                    -INCDIR(..\App\bsp_dc_motor;..\Public) DEBUG OBJECTEXTEND PRINT(..\Listing\dc_motor.lst) OBJECT(..\Obj\dc_motor.obj)

line level    source

   1          #include  "dc_motor.h"
   2          
   3          
   4          
   5          /*
   6                  函数名：DC_Motor_Run
   7                  功能：  让直流电机运行 DC_MOTOR_RUN_TIME 时间
   8          */
   9          void DC_Motor_Run(void)
  10          {
  11   1              DC_Motor = 1;   //开启电机
  12   1              Delay_ms(DC_MOTOR_RUN_TIME);
  13   1              DC_Motor=0;             //关闭电机
  14   1      }
  15          
  16          
  17          
  18          
  19          
  20          
  21          
  22          
  23          
  24          
  25          
  26          
  27          


MODULE INFORMATION:   STATIC OVERLAYABLE
   CODE SIZE        =     12    ----
   CONSTANT SIZE    =   ----    ----
   XDATA SIZE       =   ----    ----
   PDATA SIZE       =   ----    ----
   DATA SIZE        =   ----    ----
   IDATA SIZE       =   ----    ----
   BIT SIZE         =   ----    ----
END OF MODULE INFORMATION.


C51 COMPILATION COMPLETE.  0 WARNING(S),  0 ERROR(S)
