C51 COMPILER V9.01   MAIN                                                                  09/30/2022 00:09:46 PAGE 1   


C51 COMPILER V9.01, COMPILATION OF MODULE MAIN
OBJECT MODULE PLACED IN ..\Obj\main.obj
COMPILER INVOKED BY: D:\programming learning software\MCU\keilC51\C51\BIN\C51.EXE main.c BROWSE INCDIR(..\App\bsp_dc_mot
                    -or;..\Public) DEBUG OBJECTEXTEND PRINT(..\Listing\main.lst) OBJECT(..\Obj\main.obj)

line level    source

   1          /**************************************************************************************
   2          实验名称：      直流电机实验
   3          实验现象：      直流电机旋转5S后停止
   4          实验单片机：普中A2                      
   5          注意事项：      将直流电机两根线分别连接到“步进电机模块”输出端子J47的5V和O1上。                                                                                                                                         
   6          ***************************************************************************************/
   7          
   8          #include "public.h"
   9          #include  "dc_motor.h"
  10          
  11          int main(void)
  12          {
  13   1              DC_Motor_Run();                         
  14   1              while(1)
  15   1              {
  16   2                      
  17   2              }
  18   1      }


MODULE INFORMATION:   STATIC OVERLAYABLE
   CODE SIZE        =      5    ----
   CONSTANT SIZE    =   ----    ----
   XDATA SIZE       =   ----    ----
   PDATA SIZE       =   ----    ----
   DATA SIZE        =   ----    ----
   IDATA SIZE       =   ----    ----
   BIT SIZE         =   ----    ----
END OF MODULE INFORMATION.


C51 COMPILATION COMPLETE.  0 WARNING(S),  0 ERROR(S)
